1/1/2023 05:55:57 server cerrado.
1/1/2023 12:38:41 server iniciado 0.12.14
1/1/2023 13:39:22 server cerrado.
1/1/2023 14:11:54 server iniciado 0.12.14
24/1/2023 14:42:28 server iniciado 0.12.15
24/1/2023 23:05:45 server iniciado 0.12.15
24/1/2023 23:09:16 server cerrado.
24/1/2023 23:12:16 server iniciado 0.12.16
24/1/2023 23:19:25 server iniciado 0.12.16
24/1/2023 23:34:29 server cerrado.
25/1/2023 08:22:47 server iniciado 0.12.16
25/1/2023 13:57:05 server cerrado.
26/1/2023 12:23:11 server iniciado 0.12.16
26/1/2023 12:59:03 server iniciado 0.12.16
26/1/2023 13:58:45 server cerrado.
26/1/2023 21:07:57 server iniciado 0.12.16
26/1/2023 23:23:55 server cerrado.
10/2/2023 18:38:16 server iniciado 0.12.16
10/2/2023 18:40:42 server iniciado 0.12.16
10/2/2023 18:40:46 server cerrado.
10/2/2023 18:41:14 server iniciado 0.12.16
10/2/2023 19:09:02 server cerrado.
10/2/2023 19:09:04 server cerrado.
10/2/2023 19:09:21 server iniciado 0.12.16
10/2/2023 19:25:56 server cerrado.
10/2/2023 19:26:05 server iniciado 0.12.16
4/20/2023 1:00:57 PM server iniciado 0.12.16
4/20/2023 2:44:21 PM server cerrado.
4/20/2023 6:22:33 PM server iniciado 0.12.16
4/21/2023 1:59:13 AM server cerrado.
4/21/2023 6:45:14 PM server iniciado 0.12.16
4/21/2023 8:27:00 PM server cerrado.
4/22/2023 1:29:33 AM server iniciado 0.12.16
4/22/2023 5:50:42 AM server cerrado.
4/22/2023 5:44:23 PM server iniciado 0.12.16
4/22/2023 6:17:30 PM server cerrado.
4/22/2023 11:41:38 PM server iniciado 0.12.16
4/23/2023 4:28:20 AM server cerrado.
4/23/2023 2:14:26 PM server iniciado 0.12.16
4/23/2023 4:28:35 PM server cerrado.
4/23/2023 9:21:28 PM server iniciado 0.12.16
4/24/2023 3:45:58 AM server cerrado.
4/24/2023 3:46:08 AM server iniciado 0.12.16
4/24/2023 5:14:03 AM server cerrado.
4/24/2023 5:19:12 AM server iniciado 0.12.16
4/24/2023 5:26:43 AM server cerrado.
4/24/2023 5:41:56 AM server iniciado 0.12.16
4/24/2023 5:51:15 AM server cerrado.
4/24/2023 10:10:59 AM server iniciado 0.12.16
4/24/2023 10:19:41 AM server cerrado.
4/24/2023 7:00:37 PM server iniciado 0.12.16
4/24/2023 9:34:45 PM server cerrado.
4/25/2023 12:14:55 AM server iniciado 0.12.16
4/25/2023 1:37:19 AM server cerrado.
4/25/2023 6:59:04 PM server iniciado 0.12.16
4/25/2023 9:07:23 PM server cerrado.
4/25/2023 9:08:11 PM server iniciado 0.12.17
4/25/2023 10:48:02 PM server iniciado 0.12.17
4/26/2023 12:33:23 AM server cerrado.
4/26/2023 4:01:55 AM server iniciado 0.12.17
4/26/2023 5:57:58 AM server cerrado.
4/26/2023 8:56:02 PM server iniciado 0.12.17
4/26/2023 10:57:50 PM server iniciado 0.12.17
4/27/2023 1:05:06 AM server cerrado.
4/27/2023 1:05:11 AM server cerrado.
4/27/2023 2:16:28 AM server iniciado 0.12.17
4/27/2023 3:18:34 AM server cerrado.
