26/1/2023 13:52:37 /SUM eiieiei Map:37 X:17 Y:55
26/1/2023 13:53:06 Transportó a ramza hacia Mapa37 X:19 Y:57
26/1/2023 13:53:07 Transportó a ramza hacia Mapa37 X:16 Y:53
26/1/2023 13:53:07 Transportó a ramza hacia Mapa37 X:16 Y:55
26/1/2023 13:53:07 Transportó a ramza hacia Mapa37 X:17 Y:56
26/1/2023 13:53:07 Transportó a ramza hacia Mapa37 X:20 Y:58
26/1/2023 13:53:08 Transportó a ramza hacia Mapa37 X:20 Y:57
26/1/2023 13:53:09 Transportó a ramza hacia Mapa37 X:23 Y:57
26/1/2023 13:53:09 Transportó a ramza hacia Mapa37 X:25 Y:56
26/1/2023 13:53:09 Transportó a ramza hacia Mapa37 X:25 Y:55
26/1/2023 13:53:22 Transportó a ramza hacia Mapa37 X:21 Y:54
26/1/2023 13:53:30 /CT 112,50,50
26/1/2023 13:55:47 Sumoneo a Golem en mapa 112
26/1/2023 13:56:49 Agarro:50 Objeto:Monedas de Oro
26/1/2023 13:56:51 Agarro:50 Objeto:Monedas de Oro
26/1/2023 13:57:10 Agarro:50 Objeto:Monedas de Oro
26/1/2023 21:13:04 /CI: 474
26/1/2023 21:13:05 Agarro:100 Objeto:Barca
26/1/2023 21:13:08 Tiro cantidad:100 Objeto:Barca
26/1/2023 21:13:22 /CI: 404
26/1/2023 21:13:23 Agarro:100 Objeto:Escudo de Tortuga
26/1/2023 21:13:30 /CI: 474
26/1/2023 21:13:30 Agarro:100 Objeto:Barca
4/24/2023 5:23:57 AM /CT 1,60,60
4/24/2023 5:24:04 AM /SUM tato Map:1 X:62 Y:54
4/24/2023 5:24:09 AM /SUM asd Map:1 X:63 Y:52
4/26/2023 4:22:53 AM Transportó a ramza hacia Mapa1 X:67 Y:52
4/26/2023 4:22:53 AM Transportó a ramza hacia Mapa1 X:66 Y:50
4/26/2023 4:22:54 AM Transportó a ramza hacia Mapa1 X:64 Y:48
4/26/2023 4:22:54 AM Transportó a ramza hacia Mapa1 X:62 Y:46
4/26/2023 4:22:54 AM Transportó a ramza hacia Mapa1 X:58 Y:45
4/26/2023 4:22:54 AM Transportó a ramza hacia Mapa1 X:54 Y:43
4/26/2023 4:22:55 AM Transportó a ramza hacia Mapa1 X:50 Y:47
4/26/2023 4:23:06 AM Transportó a ramza hacia Mapa1 X:55 Y:45
4/26/2023 4:23:06 AM Transportó a ramza hacia Mapa1 X:59 Y:41
4/26/2023 4:23:07 AM Transportó a ramza hacia Mapa1 X:62 Y:37
4/26/2023 4:23:07 AM Transportó a ramza hacia Mapa1 X:64 Y:36
4/26/2023 4:23:07 AM Transportó a ramza hacia Mapa1 X:65 Y:37
4/26/2023 4:23:07 AM Transportó a ramza hacia Mapa1 X:65 Y:40
4/26/2023 4:23:07 AM Transportó a ramza hacia Mapa1 X:65 Y:43
4/26/2023 4:23:08 AM Transportó a ramza hacia Mapa1 X:64 Y:46
4/26/2023 4:23:08 AM Transportó a ramza hacia Mapa1 X:63 Y:50
4/26/2023 4:23:08 AM Transportó a ramza hacia Mapa1 X:61 Y:55
4/26/2023 4:23:09 AM Transportó a ramza hacia Mapa1 X:58 Y:54
4/26/2023 4:23:09 AM Transportó a ramza hacia Mapa1 X:56 Y:52
4/26/2023 4:23:09 AM Transportó a ramza hacia Mapa1 X:55 Y:50
4/26/2023 4:23:10 AM Transportó a ramza hacia Mapa1 X:59 Y:47
4/26/2023 4:23:11 AM Transportó a ramza hacia Mapa1 X:59 Y:42
4/26/2023 4:23:13 AM Transportó a ramza hacia Mapa1 X:63 Y:42
4/26/2023 4:23:13 AM Transportó a ramza hacia Mapa1 X:68 Y:42
4/26/2023 4:23:13 AM Transportó a ramza hacia Mapa1 X:73 Y:43
4/26/2023 4:23:13 AM Transportó a ramza hacia Mapa1 X:78 Y:45
4/26/2023 4:23:14 AM Transportó a ramza hacia Mapa1 X:79 Y:48
4/26/2023 4:23:14 AM Transportó a ramza hacia Mapa1 X:76 Y:50
4/26/2023 4:23:15 AM Transportó a ramza hacia Mapa1 X:72 Y:52
4/26/2023 4:23:15 AM Transportó a ramza hacia Mapa1 X:70 Y:55
4/26/2023 4:23:19 AM Transportó a ramza hacia Mapa1 X:67 Y:60
4/26/2023 4:23:25 AM Transportó a ramza hacia Mapa1 X:64 Y:61
4/26/2023 4:23:25 AM Transportó a ramza hacia Mapa1 X:60 Y:62
4/26/2023 4:23:25 AM Transportó a ramza hacia Mapa1 X:59 Y:66
4/26/2023 4:23:26 AM Transportó a ramza hacia Mapa1 X:55 Y:67
4/26/2023 4:23:26 AM Transportó a ramza hacia Mapa1 X:52 Y:69
4/26/2023 4:23:27 AM Transportó a ramza hacia Mapa1 X:50 Y:67
4/26/2023 4:23:28 AM Transportó a ramza hacia Mapa1 X:53 Y:64
4/26/2023 4:23:31 AM Transportó a ramza hacia Mapa1 X:55 Y:61
4/26/2023 4:23:32 AM Transportó a ramza hacia Mapa1 X:54 Y:58
4/26/2023 4:23:32 AM Transportó a ramza hacia Mapa1 X:57 Y:54
4/26/2023 4:23:33 AM Transportó a ramza hacia Mapa1 X:60 Y:50
4/26/2023 4:23:33 AM Transportó a ramza hacia Mapa1 X:63 Y:46
4/26/2023 4:23:33 AM Transportó a ramza hacia Mapa1 X:65 Y:42
4/26/2023 4:23:33 AM Transportó a ramza hacia Mapa1 X:67 Y:38
4/26/2023 4:23:34 AM Transportó a ramza hacia Mapa1 X:71 Y:35
4/26/2023 4:23:35 AM Transportó a ramza hacia Mapa1 X:75 Y:32
4/26/2023 4:23:35 AM Transportó a ramza hacia Mapa1 X:76 Y:30
4/26/2023 4:23:36 AM Transportó a ramza hacia Mapa1 X:73 Y:27
4/26/2023 4:23:36 AM Transportó a ramza hacia Mapa1 X:69 Y:29
4/26/2023 4:23:36 AM Transportó a ramza hacia Mapa1 X:69 Y:33
4/26/2023 4:23:36 AM Transportó a ramza hacia Mapa1 X:67 Y:37
4/26/2023 4:23:37 AM Transportó a ramza hacia Mapa1 X:66 Y:43
4/26/2023 4:23:38 AM Transportó a ramza hacia Mapa1 X:70 Y:45
4/26/2023 4:23:49 AM Transportó a ramza hacia Mapa1 X:81 Y:41
4/26/2023 4:23:50 AM Transportó a ramza hacia Mapa1 X:84 Y:42
4/26/2023 4:23:51 AM Transportó a ramza hacia Mapa1 X:88 Y:43
4/26/2023 4:23:56 AM /MASSKILL
4/26/2023 4:23:57 AM Transportó a ramza hacia Mapa1 X:83 Y:42
4/26/2023 4:24:01 AM /MASSKILL
4/26/2023 4:24:09 AM Transportó a ramza hacia Mapa1 X:73 Y:42
4/26/2023 4:25:05 AM Agarro:175 Objeto:Monedas de Oro
4/26/2023 4:25:13 AM /MATA NPC SIN INICIAR
4/26/2023 4:25:16 AM /MATA NPC SIN INICIAR
4/26/2023 4:25:19 AM /MATA NPC SIN INICIAR
4/26/2023 4:25:22 AM /MATA NPC SIN INICIAR
4/26/2023 4:25:26 AM Agarro:525 Objeto:Monedas de Oro
4/26/2023 4:26:31 AM Transportó a ramza hacia Mapa1 X:68 Y:44
4/26/2023 4:26:32 AM Transportó a ramza hacia Mapa1 X:64 Y:46
4/26/2023 4:26:34 AM Transportó a ramza hacia Mapa1 X:59 Y:49
4/26/2023 4:26:37 AM Transportó a ramza hacia Mapa1 X:55 Y:47
4/26/2023 4:26:42 AM /MASSKILL
4/26/2023 4:27:02 AM /MASSKILL
4/26/2023 4:27:09 AM Agarro:350 Objeto:Monedas de Oro
4/26/2023 4:27:37 AM Agarro:175 Objeto:Monedas de Oro
4/26/2023 4:27:41 AM Agarro:44 Objeto:Monedas de Oro
4/26/2023 4:27:59 AM Transportó a ramza hacia Mapa1 X:57 Y:51
4/26/2023 4:28:00 AM Transportó a ramza hacia Mapa1 X:52 Y:53
4/26/2023 4:28:03 AM Transportó a ramza hacia Mapa1 X:52 Y:55
4/26/2023 4:28:03 AM Transportó a ramza hacia Mapa1 X:53 Y:57
4/26/2023 4:28:10 AM /MASSKILL
4/26/2023 4:28:27 AM Transportó a ramza hacia Mapa1 X:38 Y:55
4/26/2023 4:28:27 AM Transportó a ramza hacia Mapa1 X:35 Y:56
4/26/2023 4:28:28 AM Transportó a ramza hacia Mapa1 X:34 Y:58
4/26/2023 4:28:28 AM Transportó a ramza hacia Mapa1 X:34 Y:60
4/26/2023 4:28:29 AM Transportó a ramza hacia Mapa1 X:37 Y:62
4/26/2023 4:28:29 AM Transportó a ramza hacia Mapa1 X:40 Y:62
4/26/2023 4:28:29 AM Transportó a ramza hacia Mapa1 X:43 Y:63
4/26/2023 4:28:29 AM Transportó a ramza hacia Mapa1 X:47 Y:64
4/26/2023 4:28:30 AM Transportó a ramza hacia Mapa1 X:50 Y:63
4/26/2023 4:28:31 AM Transportó a ramza hacia Mapa1 X:54 Y:62
4/26/2023 4:29:02 AM Transportó a ramza hacia Mapa1 X:61 Y:56
4/26/2023 4:29:13 AM Transportó a ramza hacia Mapa1 X:54 Y:54
4/26/2023 4:29:14 AM Transportó a ramza hacia Mapa1 X:50 Y:51
4/26/2023 4:29:15 AM Transportó a ramza hacia Mapa1 X:53 Y:47
4/26/2023 4:29:24 AM Echo a tato
4/26/2023 4:29:28 AM Transportó a ramza hacia Mapa1 X:56 Y:50
4/26/2023 4:29:29 AM Transportó a ramza hacia Mapa1 X:55 Y:52
4/26/2023 4:29:30 AM Transportó a ramza hacia Mapa1 X:52 Y:53
4/26/2023 4:29:35 AM /MASSKILL
4/26/2023 4:29:37 AM Transportó a ramza hacia Mapa1 X:51 Y:56
4/26/2023 4:29:37 AM Transportó a ramza hacia Mapa1 X:53 Y:59
4/26/2023 4:29:59 AM Sumoneo Esqueleto Guerrero
4/26/2023 4:29:59 AM Sumoneo Esqueleto Guerrero
4/26/2023 4:29:59 AM Sumoneo Esqueleto Guerrero
4/26/2023 4:30:00 AM Sumoneo Esqueleto Guerrero
4/26/2023 4:30:00 AM Sumoneo Esqueleto Guerrero
4/26/2023 4:30:00 AM Sumoneo Esqueleto Guerrero
4/26/2023 4:30:00 AM Sumoneo Esqueleto Guerrero
4/26/2023 4:30:01 AM Sumoneo Esqueleto Guerrero
4/26/2023 4:30:01 AM Sumoneo Esqueleto Guerrero
4/26/2023 4:30:01 AM Sumoneo Esqueleto Guerrero
4/26/2023 4:30:01 AM Sumoneo Esqueleto Guerrero
4/26/2023 4:30:01 AM Sumoneo Esqueleto Guerrero
4/26/2023 4:30:01 AM Sumoneo Esqueleto Guerrero
4/26/2023 4:30:03 AM Transportó a ramza hacia Mapa1 X:50 Y:76
4/26/2023 4:30:03 AM Transportó a ramza hacia Mapa1 X:47 Y:80
4/26/2023 4:30:03 AM Transportó a ramza hacia Mapa1 X:50 Y:79
4/26/2023 4:30:04 AM Transportó a ramza hacia Mapa1 X:53 Y:77
4/26/2023 4:30:06 AM Transportó a ramza hacia Mapa1 X:55 Y:76
4/26/2023 4:30:07 AM Transportó a ramza hacia Mapa1 X:52 Y:73
4/26/2023 4:30:08 AM Transportó a ramza hacia Mapa1 X:50 Y:74
4/26/2023 4:31:15 AM /MASSKILL
4/26/2023 4:31:23 AM Sumoneo a Golem en mapa 1
4/26/2023 4:54:17 AM Transportó a Ramza hacia Mapa1 X:52 Y:56
4/26/2023 4:54:17 AM Transportó a Ramza hacia Mapa1 X:53 Y:60
4/26/2023 4:54:18 AM Transportó a Ramza hacia Mapa1 X:51 Y:62
4/26/2023 4:54:18 AM Transportó a Ramza hacia Mapa1 X:50 Y:66
4/26/2023 4:54:18 AM Transportó a Ramza hacia Mapa1 X:49 Y:69
4/26/2023 4:54:19 AM Transportó a Ramza hacia Mapa1 X:51 Y:69
4/26/2023 4:54:20 AM Transportó a Ramza hacia Mapa1 X:51 Y:70
4/26/2023 4:55:40 AM Transportó a Ramza hacia Mapa1 X:53 Y:67
4/26/2023 4:55:41 AM Transportó a Ramza hacia Mapa1 X:54 Y:65
4/26/2023 4:55:41 AM Transportó a Ramza hacia Mapa1 X:56 Y:60
4/26/2023 4:55:41 AM Transportó a Ramza hacia Mapa1 X:58 Y:56
4/26/2023 4:55:42 AM Transportó a Ramza hacia Mapa1 X:56 Y:53
4/26/2023 4:55:43 AM Transportó a Ramza hacia Mapa1 X:59 Y:51
4/26/2023 4:55:44 AM Transportó a Ramza hacia Mapa1 X:62 Y:50
4/26/2023 4:55:45 AM Transportó a Ramza hacia Mapa1 X:63 Y:49
4/26/2023 4:56:07 AM Transportó a Ramza hacia Mapa1 X:57 Y:50
4/26/2023 4:58:40 AM Transportó a Ramza hacia Mapa1 X:61 Y:52
4/26/2023 4:58:40 AM Transportó a Ramza hacia Mapa1 X:59 Y:56
4/26/2023 4:58:41 AM Transportó a Ramza hacia Mapa1 X:60 Y:59
4/26/2023 4:58:41 AM Transportó a Ramza hacia Mapa1 X:62 Y:62
4/26/2023 4:58:41 AM Transportó a Ramza hacia Mapa1 X:57 Y:60
4/26/2023 4:58:42 AM Transportó a Ramza hacia Mapa1 X:60 Y:59
4/26/2023 4:58:42 AM Transportó a Ramza hacia Mapa1 X:63 Y:58
4/26/2023 4:58:43 AM Transportó a Ramza hacia Mapa1 X:57 Y:59
4/26/2023 4:58:44 AM Transportó a Ramza hacia Mapa1 X:51 Y:58
4/26/2023 4:58:44 AM Transportó a Ramza hacia Mapa1 X:56 Y:58
4/26/2023 4:58:45 AM Transportó a Ramza hacia Mapa1 X:61 Y:57
4/26/2023 4:58:46 AM Transportó a Ramza hacia Mapa1 X:64 Y:56
4/26/2023 4:59:08 AM Sumoneo Araña Gigante
4/26/2023 4:59:08 AM Sumoneo Araña Gigante
4/26/2023 4:59:08 AM Sumoneo Araña Gigante
4/26/2023 4:59:08 AM Sumoneo Araña Gigante
4/26/2023 4:59:09 AM Sumoneo Araña Gigante
4/26/2023 4:59:09 AM Sumoneo Araña Gigante
4/26/2023 4:59:09 AM Sumoneo Araña Gigante
4/26/2023 4:59:09 AM Sumoneo Araña Gigante
4/26/2023 4:59:09 AM Sumoneo Araña Gigante
4/26/2023 4:59:09 AM Sumoneo Araña Gigante
4/26/2023 4:59:10 AM Sumoneo Araña Gigante
4/26/2023 4:59:10 AM Sumoneo Araña Gigante
4/26/2023 4:59:10 AM Sumoneo Araña Gigante
4/26/2023 4:59:10 AM Sumoneo Araña Gigante
4/26/2023 4:59:10 AM Sumoneo Araña Gigante
4/26/2023 4:59:10 AM Sumoneo Araña Gigante
4/26/2023 4:59:10 AM Sumoneo Araña Gigante
4/26/2023 4:59:11 AM Sumoneo Araña Gigante
4/26/2023 4:59:11 AM Sumoneo Araña Gigante
4/26/2023 4:59:11 AM Sumoneo Araña Gigante
4/26/2023 4:59:11 AM Sumoneo Araña Gigante
4/26/2023 4:59:11 AM Sumoneo Araña Gigante
4/26/2023 4:59:12 AM Sumoneo Araña Gigante
4/26/2023 4:59:12 AM Sumoneo Araña Gigante
4/26/2023 4:59:12 AM Sumoneo Araña Gigante
4/26/2023 4:59:12 AM Sumoneo Araña Gigante
4/26/2023 4:59:13 AM Sumoneo Araña Gigante
4/26/2023 4:59:13 AM Sumoneo Araña Gigante
4/26/2023 4:59:13 AM Sumoneo Araña Gigante
4/26/2023 4:59:13 AM Sumoneo Araña Gigante
4/26/2023 4:59:13 AM Sumoneo Araña Gigante
4/26/2023 4:59:13 AM Sumoneo Araña Gigante
4/26/2023 4:59:14 AM Sumoneo Araña Gigante
4/26/2023 4:59:14 AM Sumoneo Araña Gigante
4/26/2023 4:59:14 AM Sumoneo Araña Gigante
4/26/2023 4:59:14 AM Sumoneo Araña Gigante
4/26/2023 4:59:44 AM Transportó a Ramza hacia Mapa1 X:66 Y:53
4/26/2023 4:59:46 AM Transportó a Ramza hacia Mapa1 X:65 Y:56
4/26/2023 4:59:47 AM Transportó a Ramza hacia Mapa1 X:62 Y:57
4/26/2023 4:59:47 AM Transportó a Ramza hacia Mapa1 X:57 Y:54
4/26/2023 4:59:48 AM Transportó a Ramza hacia Mapa1 X:53 Y:53
4/26/2023 4:59:49 AM Transportó a Ramza hacia Mapa1 X:51 Y:53
4/26/2023 4:59:49 AM Transportó a Ramza hacia Mapa1 X:47 Y:53
4/26/2023 4:59:50 AM Transportó a Ramza hacia Mapa1 X:43 Y:53
4/26/2023 4:59:52 AM Transportó a Ramza hacia Mapa1 X:41 Y:53
4/26/2023 4:59:59 AM Agarro:25 Objeto:Monedas de Oro
4/26/2023 4:59:59 AM Agarro:25 Objeto:Monedas de Oro
4/26/2023 5:00:12 AM Transportó a Ramza hacia Mapa1 X:44 Y:54
4/26/2023 5:00:12 AM Transportó a Ramza hacia Mapa1 X:48 Y:52
4/26/2023 5:00:13 AM Transportó a Ramza hacia Mapa1 X:50 Y:49
4/26/2023 5:00:14 AM Transportó a Ramza hacia Mapa1 X:52 Y:49
4/26/2023 5:00:15 AM Transportó a Ramza hacia Mapa1 X:54 Y:49
4/26/2023 5:00:15 AM Transportó a Ramza hacia Mapa1 X:54 Y:52
4/26/2023 5:00:16 AM Transportó a Ramza hacia Mapa1 X:55 Y:54
4/26/2023 5:09:59 AM Transportó a ramza hacia Mapa1 X:54 Y:50
4/26/2023 9:53:00 PM Transportó a ramza hacia Mapa1 X:54 Y:47
4/26/2023 9:53:00 PM Transportó a ramza hacia Mapa1 X:52 Y:44
4/26/2023 9:53:00 PM Transportó a ramza hacia Mapa1 X:47 Y:41
4/26/2023 9:53:01 PM Transportó a ramza hacia Mapa1 X:43 Y:37
4/26/2023 9:53:01 PM Transportó a ramza hacia Mapa1 X:39 Y:33
4/26/2023 9:53:01 PM Transportó a ramza hacia Mapa1 X:36 Y:29
4/26/2023 9:53:01 PM Transportó a ramza hacia Mapa1 X:32 Y:27
4/26/2023 9:53:01 PM Transportó a ramza hacia Mapa1 X:29 Y:25
4/26/2023 9:53:01 PM Transportó a ramza hacia Mapa1 X:27 Y:22
4/26/2023 9:53:02 PM Transportó a ramza hacia Mapa1 X:31 Y:19
4/26/2023 9:53:02 PM Transportó a ramza hacia Mapa1 X:31 Y:15
4/26/2023 9:53:35 PM Transportó a ramza hacia Mapa1 X:16 Y:17
4/26/2023 9:53:36 PM Transportó a ramza hacia Mapa1 X:12 Y:18
4/26/2023 9:53:38 PM Transportó a ramza hacia Mapa1 X:11 Y:19
4/26/2023 9:53:42 PM Transportó a ramza hacia Mapa8 X:85 Y:19
4/26/2023 9:53:42 PM Transportó a ramza hacia Mapa8 X:80 Y:19
4/26/2023 9:53:42 PM Transportó a ramza hacia Mapa8 X:76 Y:18
4/26/2023 9:53:43 PM Transportó a ramza hacia Mapa8 X:72 Y:17
4/26/2023 9:53:46 PM /SUM tato Map:8 X:72 Y:17
4/26/2023 9:53:57 PM /SUM tato Map:8 X:68 Y:21
4/26/2023 9:54:07 PM /SUM tato Map:8 X:67 Y:21
4/26/2023 9:54:19 PM /SUM tato Map:8 X:69 Y:21
4/26/2023 9:55:42 PM /SUM tato Map:8 X:67 Y:24
4/26/2023 9:55:48 PM /SUM tato Map:8 X:69 Y:23
4/26/2023 9:56:21 PM Echo a tato
