1/1/2023 04:24:57 Transportó a tato hacia Mapa168 X:66 Y:13
1/1/2023 04:24:58 Transportó a tato hacia Mapa168 X:61 Y:13
1/1/2023 04:24:58 Transportó a tato hacia Mapa168 X:57 Y:14
1/1/2023 04:24:58 Transportó a tato hacia Mapa168 X:56 Y:15
1/1/2023 04:24:59 Transportó a tato hacia Mapa168 X:54 Y:16
1/1/2023 04:24:59 Transportó a tato hacia Mapa168 X:53 Y:17
1/1/2023 04:24:59 Transportó a tato hacia Mapa168 X:51 Y:18
1/1/2023 04:25:00 Transportó a tato hacia Mapa168 X:53 Y:17
1/1/2023 04:25:01 Transportó a tato hacia Mapa168 X:50 Y:17
1/1/2023 04:25:01 Transportó a tato hacia Mapa168 X:48 Y:17
1/1/2023 04:25:02 Transportó a tato hacia Mapa168 X:47 Y:15
1/1/2023 04:25:02 Transportó a tato hacia Mapa168 X:47 Y:12
1/1/2023 04:25:02 Transportó a tato hacia Mapa168 X:49 Y:9
1/1/2023 04:25:03 Transportó a tato hacia Mapa167 X:48 Y:88
1/1/2023 04:25:03 Transportó a tato hacia Mapa167 X:47 Y:85
1/1/2023 04:25:07 /SUM asd Map:167 X:45 Y:82
1/1/2023 04:26:03 /CT 1,5,0
1/1/2023 04:26:07 /CT 1,50,50
1/1/2023 04:26:28 Transportó a tato hacia Mapa1 X:50 Y:50
1/1/2023 04:26:29 Transportó a tato hacia Mapa1 X:56 Y:52
1/1/2023 04:26:29 Transportó a tato hacia Mapa1 X:59 Y:53
1/1/2023 04:26:29 Transportó a tato hacia Mapa1 X:57 Y:52
1/1/2023 04:26:29 Transportó a tato hacia Mapa1 X:57 Y:51
1/1/2023 04:26:43 Transportó a tato hacia Mapa1 X:54 Y:60
1/1/2023 04:26:44 Transportó a tato hacia Mapa1 X:54 Y:64
1/1/2023 04:26:44 Transportó a tato hacia Mapa1 X:54 Y:67
1/1/2023 04:26:44 Transportó a tato hacia Mapa1 X:54 Y:69
1/1/2023 04:26:44 Transportó a tato hacia Mapa1 X:54 Y:72
1/1/2023 04:26:44 Transportó a tato hacia Mapa1 X:54 Y:75
1/1/2023 04:26:44 Transportó a tato hacia Mapa1 X:54 Y:77
1/1/2023 04:26:45 Transportó a tato hacia Mapa1 X:54 Y:81
1/1/2023 04:26:50 Transportó a tato hacia Mapa1 X:55 Y:87
1/1/2023 04:26:50 Transportó a tato hacia Mapa1 X:55 Y:82
1/1/2023 04:26:51 Transportó a tato hacia Mapa1 X:55 Y:78
1/1/2023 04:26:51 Transportó a tato hacia Mapa1 X:55 Y:74
1/1/2023 04:26:51 Transportó a tato hacia Mapa1 X:55 Y:69
1/1/2023 04:26:52 Transportó a tato hacia Mapa1 X:55 Y:63
1/1/2023 04:26:53 Transportó a tato hacia Mapa1 X:55 Y:58
1/1/2023 04:28:14 Sumoneo a Golem en mapa 1
1/1/2023 04:29:11 Agarro:10000 Objeto:Monedas de Oro
1/1/2023 04:30:50 Agarro:10000 Objeto:Monedas de Oro
1/1/2023 04:30:51 Agarro:10000 Objeto:Monedas de Oro
1/1/2023 04:30:51 Agarro:9063 Objeto:Monedas de Oro
1/1/2023 04:30:52 Agarro:10000 Objeto:Monedas de Oro
1/1/2023 04:30:52 Agarro:10000 Objeto:Monedas de Oro
1/1/2023 04:30:53 Agarro:10000 Objeto:Monedas de Oro
1/1/2023 04:30:53 Agarro:10000 Objeto:Monedas de Oro
1/1/2023 04:30:53 Agarro:10000 Objeto:Monedas de Oro
1/1/2023 04:30:53 Agarro:10000 Objeto:Monedas de Oro
1/1/2023 04:30:54 Agarro:10000 Objeto:Monedas de Oro
1/1/2023 04:30:56 Agarro:1965 Objeto:Poción Amarilla
1/1/2023 04:30:56 Agarro:984 Objeto:Poción Verde
1/1/2023 04:33:03 Transportó a tato hacia Mapa1 X:48 Y:55
1/1/2023 04:33:03 Transportó a tato hacia Mapa1 X:42 Y:54
1/1/2023 04:33:03 Sumoneo a Gran Dragón Rojo en mapa 1
1/1/2023 04:33:04 Transportó a tato hacia Mapa1 X:48 Y:54
1/1/2023 04:33:04 Transportó a tato hacia Mapa1 X:54 Y:55
1/1/2023 04:33:04 Transportó a tato hacia Mapa1 X:60 Y:56
1/1/2023 04:33:51 Transportó a tato hacia Mapa1 X:51 Y:55
1/1/2023 04:33:52 Transportó a tato hacia Mapa1 X:46 Y:55
1/1/2023 04:33:59 /MATA NPC SIN INICIAR
1/1/2023 04:34:53 /MATA NPC SIN INICIAR
1/1/2023 04:40:26 Sumoneo a Gran Dragón Rojo en mapa 1
1/1/2023 04:41:03 Transportó a tato hacia Mapa1 X:54 Y:55
1/1/2023 04:41:04 Transportó a tato hacia Mapa1 X:54 Y:59
1/1/2023 04:41:23 Agarro:10000 Objeto:Monedas de Oro
1/1/2023 04:41:23 Agarro:100 Objeto:Daga de Plata
1/1/2023 04:41:24 Agarro:100 Objeto:Armadura de las Sombras
1/1/2023 04:41:24 Agarro:100 Objeto:Escudo de Tortuga
1/1/2023 04:41:24 Agarro:10000 Objeto:Monedas de Oro
1/1/2023 04:41:24 Agarro:10000 Objeto:Monedas de Oro
1/1/2023 04:41:25 Agarro:10000 Objeto:Monedas de Oro
1/1/2023 04:41:25 Agarro:100 Objeto:Casco de Plata
1/1/2023 04:41:25 Agarro:10000 Objeto:Monedas de Oro
1/1/2023 04:41:25 Agarro:10000 Objeto:Monedas de Oro
1/1/2023 04:41:26 Agarro:10000 Objeto:Monedas de Oro
1/1/2023 04:41:29 Agarro:10000 Objeto:Monedas de Oro
1/1/2023 04:41:30 Agarro:10000 Objeto:Monedas de Oro
1/1/2023 04:41:30 Agarro:10000 Objeto:Monedas de Oro
1/1/2023 04:41:31 Agarro:10000 Objeto:Monedas de Oro
1/1/2023 04:41:31 Agarro:10000 Objeto:Monedas de Oro
1/1/2023 04:41:31 Agarro:10000 Objeto:Monedas de Oro
1/1/2023 12:40:35 /SUM asd Map:34 X:35 Y:70
1/1/2023 12:54:53 Transportó a tato hacia Mapa34 X:28 Y:69
1/1/2023 12:58:45 Transportó a tato hacia Mapa112 X:50 Y:50
1/1/2023 12:58:46 Transportó a tato hacia Mapa112 X:51 Y:52
1/1/2023 12:58:46 Transportó a tato hacia Mapa112 X:52 Y:55
1/1/2023 12:58:46 Transportó a tato hacia Mapa112 X:51 Y:58
1/1/2023 12:58:46 Transportó a tato hacia Mapa112 X:47 Y:61
1/1/2023 12:58:47 Transportó a tato hacia Mapa112 X:43 Y:64
1/1/2023 12:58:47 Transportó a tato hacia Mapa112 X:40 Y:67
1/1/2023 12:58:47 Transportó a tato hacia Mapa112 X:38 Y:69
1/1/2023 12:58:47 Transportó a tato hacia Mapa112 X:34 Y:72
1/1/2023 12:58:47 Transportó a tato hacia Mapa112 X:30 Y:75
1/1/2023 12:58:48 Transportó a tato hacia Mapa112 X:25 Y:79
1/1/2023 12:58:48 Transportó a tato hacia Mapa112 X:20 Y:83
1/1/2023 12:58:51 /SUM asd Map:112 X:18 Y:84
1/1/2023 12:59:05 Transportó a tato hacia Mapa112 X:12 Y:83
1/1/2023 12:59:09 Transportó a tato hacia Mapa111 X:82 Y:73
1/1/2023 12:59:09 Transportó a tato hacia Mapa111 X:81 Y:69
1/1/2023 12:59:09 Transportó a tato hacia Mapa111 X:84 Y:66
1/1/2023 12:59:09 Transportó a tato hacia Mapa111 X:87 Y:67
1/1/2023 12:59:10 Transportó a tato hacia Mapa111 X:89 Y:69
1/1/2023 12:59:12 Sumoneo Orco
1/1/2023 12:59:12 Sumoneo Orco
1/1/2023 12:59:12 Sumoneo Orco
1/1/2023 12:59:12 Sumoneo Orco
1/1/2023 12:59:13 Sumoneo Orco
1/1/2023 12:59:14 Sumoneo Murciélago
1/1/2023 12:59:14 Sumoneo Murciélago
1/1/2023 12:59:14 Sumoneo Murciélago
1/1/2023 12:59:14 Sumoneo Murciélago
1/1/2023 12:59:14 Sumoneo Murciélago
1/1/2023 12:59:14 Sumoneo Murciélago
1/1/2023 12:59:15 Sumoneo Murciélago
1/1/2023 12:59:15 Sumoneo Goblin
1/1/2023 12:59:15 Sumoneo Goblin
1/1/2023 12:59:16 Sumoneo Goblin
1/1/2023 12:59:16 Transportó a tato hacia Mapa111 X:85 Y:73
1/1/2023 12:59:16 Transportó a tato hacia Mapa111 X:82 Y:76
1/1/2023 12:59:17 Sumoneo Araña Gigante
1/1/2023 12:59:17 Sumoneo Araña Gigante
1/1/2023 12:59:17 Sumoneo Araña Gigante
1/1/2023 12:59:17 Sumoneo Araña Gigante
1/1/2023 12:59:18 Sumoneo Lord Zombie
1/1/2023 12:59:19 Sumoneo Lord Zombie
1/1/2023 12:59:19 Sumoneo Lord Zombie
1/1/2023 12:59:19 Sumoneo Lord Zombie
1/1/2023 12:59:19 Sumoneo Lord Zombie
1/1/2023 12:59:19 Sumoneo Lord Zombie
1/1/2023 12:59:19 Sumoneo Lord Zombie
1/1/2023 12:59:19 Sumoneo Lord Zombie
1/1/2023 12:59:20 Sumoneo Lord Zombie
1/1/2023 12:59:20 Sumoneo Lord Zombie
1/1/2023 12:59:20 Sumoneo Lord Zombie
1/1/2023 12:59:20 Sumoneo Lord Zombie
1/1/2023 12:59:21 Sumoneo Lord Zombie
1/1/2023 12:59:22 Sumoneo Hormiga Gigante
1/1/2023 12:59:22 Sumoneo Hormiga Gigante
1/1/2023 12:59:22 Sumoneo Hormiga Gigante
1/1/2023 12:59:22 Sumoneo Hormiga Gigante
1/1/2023 12:59:22 Sumoneo Hormiga Gigante
1/1/2023 12:59:22 Sumoneo Hormiga Gigante
1/1/2023 12:59:23 Sumoneo Hormiga Gigante
1/1/2023 12:59:24 Sumoneo Beholder
1/1/2023 12:59:24 Sumoneo Beholder
1/1/2023 12:59:24 Sumoneo Beholder
1/1/2023 12:59:24 Sumoneo Beholder
1/1/2023 12:59:25 Sumoneo Beholder
1/1/2023 12:59:25 Sumoneo Beholder
1/1/2023 12:59:25 Sumoneo Beholder
1/1/2023 12:59:25 Sumoneo Beholder
1/1/2023 12:59:25 Sumoneo Beholder
1/1/2023 12:59:25 Sumoneo Beholder
1/1/2023 12:59:26 Sumoneo Beholder
1/1/2023 14:50:23 Transportó a tato hacia Mapa111 X:85 Y:76
1/1/2023 14:50:23 Transportó a tato hacia Mapa111 X:88 Y:77
1/1/2023 14:50:23 Transportó a tato hacia Mapa111 X:90 Y:79
1/1/2023 14:50:23 Transportó a tato hacia Mapa111 X:92 Y:81
1/1/2023 14:50:25 Transportó a tato hacia Mapa111 X:92 Y:84
1/1/2023 14:51:20 /CT 1,50,50
1/1/2023 14:51:35 /SUM asd Map:113 X:22 Y:10
1/1/2023 14:52:09 Transportó a tato hacia Mapa1 X:50 Y:50
1/1/2023 14:52:10 Transportó a tato hacia Mapa1 X:53 Y:53
1/1/2023 14:52:10 Transportó a tato hacia Mapa1 X:57 Y:56
1/1/2023 14:52:11 Transportó a tato hacia Mapa1 X:60 Y:60
1/1/2023 14:52:11 Transportó a tato hacia Mapa1 X:62 Y:64
1/1/2023 14:52:11 Transportó a tato hacia Mapa1 X:65 Y:66
1/1/2023 14:52:11 Transportó a tato hacia Mapa1 X:68 Y:68
1/1/2023 14:52:18 Transportó a tato hacia Mapa1 X:58 Y:69
1/1/2023 14:52:18 Transportó a tato hacia Mapa1 X:53 Y:69
1/1/2023 14:52:19 Transportó a tato hacia Mapa1 X:52 Y:71
1/1/2023 14:52:19 Transportó a tato hacia Mapa1 X:53 Y:73
1/1/2023 14:52:19 Transportó a tato hacia Mapa1 X:51 Y:74
1/1/2023 14:52:20 Transportó a tato hacia Mapa1 X:48 Y:72
1/1/2023 14:52:25 Sumoneo Araña Gigante
1/1/2023 14:52:25 Sumoneo Araña Gigante
1/1/2023 14:52:25 Sumoneo Araña Gigante
1/1/2023 14:52:25 Sumoneo Araña Gigante
1/1/2023 14:52:26 Sumoneo Araña Gigante
1/1/2023 14:52:26 Sumoneo Araña Gigante
1/1/2023 14:52:26 Sumoneo Araña Gigante
1/1/2023 14:52:26 Sumoneo Araña Gigante
1/1/2023 14:52:26 Sumoneo Araña Gigante
1/1/2023 14:53:03 Transportó a tato hacia Mapa1 X:53 Y:70
1/1/2023 14:53:07 /SUM asd Map:1 X:53 Y:70
1/1/2023 14:56:17 /CT 1,50,50
1/1/2023 15:22:42 Transportó a tato hacia Mapa2 X:46 Y:17
1/1/2023 15:22:42 Transportó a tato hacia Mapa2 X:42 Y:20
1/1/2023 15:22:43 Transportó a tato hacia Mapa2 X:38 Y:23
1/1/2023 15:22:43 Transportó a tato hacia Mapa2 X:33 Y:23
1/1/2023 15:22:43 Transportó a tato hacia Mapa2 X:28 Y:23
1/1/2023 15:22:43 Transportó a tato hacia Mapa2 X:23 Y:23
1/1/2023 15:22:44 Transportó a tato hacia Mapa2 X:20 Y:26
1/1/2023 15:22:44 Transportó a tato hacia Mapa2 X:16 Y:27
1/1/2023 15:22:44 Transportó a tato hacia Mapa2 X:13 Y:28
1/1/2023 15:22:44 Transportó a tato hacia Mapa2 X:10 Y:32
1/1/2023 15:22:46 Transportó a tato hacia Mapa39 X:87 Y:38
1/1/2023 15:22:46 Transportó a tato hacia Mapa39 X:84 Y:40
1/1/2023 15:22:46 Transportó a tato hacia Mapa39 X:80 Y:42
1/1/2023 15:22:46 Transportó a tato hacia Mapa39 X:77 Y:43
1/1/2023 15:22:47 Transportó a tato hacia Mapa39 X:78 Y:40
1/1/2023 15:22:56 Sumoneo Araña Gigante
1/1/2023 15:23:11 Agarro:175 Objeto:Monedas de Oro
1/1/2023 15:23:33 Sumoneo a Medusa en mapa 39
1/1/2023 15:25:36 Agarro:1200 Objeto:Monedas de Oro
1/1/2023 15:25:38 Agarro:1 Objeto:Pollo
1/1/2023 15:25:40 Transportó a tato hacia Mapa39 X:73 Y:38
1/1/2023 15:25:41 Transportó a tato hacia Mapa39 X:69 Y:39
1/1/2023 15:25:41 Transportó a tato hacia Mapa39 X:64 Y:40
1/1/2023 15:25:41 Transportó a tato hacia Mapa39 X:65 Y:39
1/1/2023 15:25:42 Transportó a tato hacia Mapa39 X:58 Y:39
1/1/2023 15:25:47 Transportó a tato hacia Mapa39 X:56 Y:41
1/1/2023 15:25:48 /SUM asd Map:39 X:56 Y:41
1/1/2023 15:26:01 Transportó a tato hacia Mapa39 X:59 Y:46
1/1/2023 15:26:01 Transportó a tato hacia Mapa39 X:60 Y:50
1/1/2023 15:26:02 Transportó a tato hacia Mapa39 X:59 Y:52
1/1/2023 15:26:02 Transportó a tato hacia Mapa39 X:58 Y:53
1/1/2023 15:26:02 Transportó a tato hacia Mapa39 X:57 Y:56
1/1/2023 15:26:02 Transportó a tato hacia Mapa39 X:55 Y:60
1/1/2023 15:26:02 Transportó a tato hacia Mapa39 X:52 Y:63
1/1/2023 15:26:03 Transportó a tato hacia Mapa39 X:49 Y:67
1/1/2023 15:26:03 Transportó a tato hacia Mapa39 X:48 Y:71
1/1/2023 15:26:04 Transportó a tato hacia Mapa39 X:49 Y:75
1/1/2023 15:26:04 Transportó a tato hacia Mapa39 X:50 Y:77
1/1/2023 15:26:04 Transportó a tato hacia Mapa39 X:52 Y:81
1/1/2023 15:26:04 Transportó a tato hacia Mapa39 X:52 Y:84
1/1/2023 15:26:04 Transportó a tato hacia Mapa39 X:51 Y:86
1/1/2023 15:26:05 Transportó a tato hacia Mapa39 X:50 Y:88
1/1/2023 15:26:05 Transportó a tato hacia Mapa39 X:45 Y:87
1/1/2023 15:26:05 Transportó a tato hacia Mapa39 X:40 Y:86
1/1/2023 15:26:07 Transportó a tato hacia Mapa39 X:42 Y:83
1/1/2023 15:26:12 Transportó a tato hacia Mapa39 X:45 Y:78
1/1/2023 15:26:12 Transportó a tato hacia Mapa39 X:47 Y:72
1/1/2023 15:26:12 Transportó a tato hacia Mapa39 X:46 Y:69
1/1/2023 15:26:12 Transportó a tato hacia Mapa39 X:42 Y:68
1/1/2023 15:26:12 Transportó a tato hacia Mapa39 X:40 Y:66
1/1/2023 15:26:18 Transportó a tato hacia Mapa39 X:47 Y:53
1/1/2023 15:26:19 Transportó a tato hacia Mapa39 X:51 Y:52
1/1/2023 15:26:19 Transportó a tato hacia Mapa39 X:54 Y:51
1/1/2023 15:26:23 Sumoneo Bandido
